<?xml version="1.0" encoding="UTF-8"?>
<!-- Generated by org.testng.reporters.JUnitXMLReporter -->
<testsuite hostname="rafal" name="Default test" tests="3" failures="0" timestamp="2 Apr 2015 16:36:21 GMT" time="83.204" errors="0">
  <testcase name="registerNewUserInSystem" time="15.86" classname="Tests.AddNewAccountTest"/>
  <testcase name="GetStartedLinkShoudByAvailbleAndWork" time="2.609" classname="Tests.WhenUserOpenHompage"/>
  <testcase name="LoginLinkShoudByAvailbleAndWork" time="3.733" classname="Tests.WhenUserOpenHompage"/>
</testsuite> <!-- Default test -->
