<?xml version="1.0" encoding="UTF-8"?>
<testng-results skipped="0" failed="0" total="2" passed="2">
  <reporter-output>
  </reporter-output>
  <suite name="Default suite" duration-ms="16212" started-at="2015-04-02T11:24:54Z" finished-at="2015-04-02T11:25:10Z">
    <groups>
    </groups>
    <test name="Default test" duration-ms="16212" started-at="2015-04-02T11:24:54Z" finished-at="2015-04-02T11:25:10Z">
      <class name="Tests.WhenUserOpenHompage">
        <test-method status="PASS" signature="testFixtureSetUp()[pri:0, instance:Tests.WhenUserOpenHompage@c38a936]" name="testFixtureSetUp" is-config="true" duration-ms="5446" started-at="2015-04-02T13:24:54Z" finished-at="2015-04-02T13:24:59Z">
          <reporter-output>
          </reporter-output>
        </test-method> <!-- testFixtureSetUp -->
        <test-method status="PASS" signature="GetStartedLinkShoudByAvailbleAndWork()[pri:0, instance:Tests.WhenUserOpenHompage@c38a936]" name="GetStartedLinkShoudByAvailbleAndWork" duration-ms="2024" started-at="2015-04-02T13:24:59Z" finished-at="2015-04-02T13:25:01Z">
          <reporter-output>
          </reporter-output>
        </test-method> <!-- GetStartedLinkShoudByAvailbleAndWork -->
        <test-method status="PASS" signature="testTherdDown()[pri:0, instance:Tests.WhenUserOpenHompage@c38a936]" name="testTherdDown" is-config="true" duration-ms="190" started-at="2015-04-02T13:25:01Z" finished-at="2015-04-02T13:25:02Z">
          <reporter-output>
          </reporter-output>
        </test-method> <!-- testTherdDown -->
        <test-method status="PASS" signature="testFixtureSetUp()[pri:0, instance:Tests.WhenUserOpenHompage@c38a936]" name="testFixtureSetUp" is-config="true" duration-ms="6701" started-at="2015-04-02T13:25:02Z" finished-at="2015-04-02T13:25:08Z">
          <reporter-output>
          </reporter-output>
        </test-method> <!-- testFixtureSetUp -->
        <test-method status="PASS" signature="LoginLinkShoudByAvailbleAndWork()[pri:0, instance:Tests.WhenUserOpenHompage@c38a936]" name="LoginLinkShoudByAvailbleAndWork" duration-ms="1633" started-at="2015-04-02T13:25:08Z" finished-at="2015-04-02T13:25:10Z">
          <reporter-output>
          </reporter-output>
        </test-method> <!-- LoginLinkShoudByAvailbleAndWork -->
        <test-method status="PASS" signature="testTherdDown()[pri:0, instance:Tests.WhenUserOpenHompage@c38a936]" name="testTherdDown" is-config="true" duration-ms="200" started-at="2015-04-02T13:25:10Z" finished-at="2015-04-02T13:25:10Z">
          <reporter-output>
          </reporter-output>
        </test-method> <!-- testTherdDown -->
      </class> <!-- Tests.WhenUserOpenHompage -->
    </test> <!-- Default test -->
  </suite> <!-- Default suite -->
</testng-results>
