<?xml version="1.0" encoding="UTF-8"?>
<testng-results skipped="0" failed="0" total="3" passed="3">
  <reporter-output>
  </reporter-output>
  <suite name="Default suite" duration-ms="83204" started-at="2015-04-02T16:34:57Z" finished-at="2015-04-02T16:36:21Z">
    <groups>
    </groups>
    <test name="Default test" duration-ms="83204" started-at="2015-04-02T16:34:57Z" finished-at="2015-04-02T16:36:21Z">
      <class name="Tests.AddNewAccountTest">
        <test-method status="PASS" signature="testFixtureSetUp()[pri:0, instance:Tests.AddNewAccountTest@7f261b7d]" name="testFixtureSetUp" is-config="true" duration-ms="22834" started-at="2015-04-02T18:34:57Z" finished-at="2015-04-02T18:35:20Z">
          <reporter-output>
          </reporter-output>
        </test-method> <!-- testFixtureSetUp -->
        <test-method status="PASS" signature="registerNewUserInSystem()[pri:0, instance:Tests.AddNewAccountTest@7f261b7d]" name="registerNewUserInSystem" duration-ms="15860" started-at="2015-04-02T18:35:20Z" finished-at="2015-04-02T18:35:36Z">
          <reporter-output>
          </reporter-output>
        </test-method> <!-- registerNewUserInSystem -->
        <test-method status="PASS" signature="testTherdDown()[pri:0, instance:Tests.AddNewAccountTest@7f261b7d]" name="testTherdDown" is-config="true" duration-ms="732" started-at="2015-04-02T18:35:36Z" finished-at="2015-04-02T18:35:37Z">
          <reporter-output>
          </reporter-output>
        </test-method> <!-- testTherdDown -->
      </class> <!-- Tests.AddNewAccountTest -->
      <class name="Tests.WhenUserOpenHompage">
        <test-method status="PASS" signature="testFixtureSetUp()[pri:0, instance:Tests.WhenUserOpenHompage@197e6dc]" name="testFixtureSetUp" is-config="true" duration-ms="18374" started-at="2015-04-02T18:35:37Z" finished-at="2015-04-02T18:35:55Z">
          <reporter-output>
          </reporter-output>
        </test-method> <!-- testFixtureSetUp -->
        <test-method status="PASS" signature="GetStartedLinkShoudByAvailbleAndWork()[pri:0, instance:Tests.WhenUserOpenHompage@197e6dc]" name="GetStartedLinkShoudByAvailbleAndWork" duration-ms="2609" started-at="2015-04-02T18:35:55Z" finished-at="2015-04-02T18:35:58Z">
          <reporter-output>
          </reporter-output>
        </test-method> <!-- GetStartedLinkShoudByAvailbleAndWork -->
        <test-method status="PASS" signature="testTherdDown()[pri:0, instance:Tests.WhenUserOpenHompage@197e6dc]" name="testTherdDown" is-config="true" duration-ms="586" started-at="2015-04-02T18:35:58Z" finished-at="2015-04-02T18:35:58Z">
          <reporter-output>
          </reporter-output>
        </test-method> <!-- testTherdDown -->
        <test-method status="PASS" signature="testFixtureSetUp()[pri:0, instance:Tests.WhenUserOpenHompage@197e6dc]" name="testFixtureSetUp" is-config="true" duration-ms="17401" started-at="2015-04-02T18:35:58Z" finished-at="2015-04-02T18:36:16Z">
          <reporter-output>
          </reporter-output>
        </test-method> <!-- testFixtureSetUp -->
        <test-method status="PASS" signature="LoginLinkShoudByAvailbleAndWork()[pri:0, instance:Tests.WhenUserOpenHompage@197e6dc]" name="LoginLinkShoudByAvailbleAndWork" duration-ms="3733" started-at="2015-04-02T18:36:16Z" finished-at="2015-04-02T18:36:20Z">
          <reporter-output>
          </reporter-output>
        </test-method> <!-- LoginLinkShoudByAvailbleAndWork -->
        <test-method status="PASS" signature="testTherdDown()[pri:0, instance:Tests.WhenUserOpenHompage@197e6dc]" name="testTherdDown" is-config="true" duration-ms="1040" started-at="2015-04-02T18:36:20Z" finished-at="2015-04-02T18:36:21Z">
          <reporter-output>
          </reporter-output>
        </test-method> <!-- testTherdDown -->
      </class> <!-- Tests.WhenUserOpenHompage -->
    </test> <!-- Default test -->
  </suite> <!-- Default suite -->
</testng-results>
